  main.cpp
C:\Users\Lenovo\Desktop\ПОИТ\КСИС\Call Of Network\Client\Client\Level.hpp(114,31): warning C4244: 'initializing': conversion from 'double' to 'float', possible loss of data
C:\Users\Lenovo\Desktop\ПОИТ\КСИС\Call Of Network\Client\Client\Level.hpp(115,37): warning C4244: '=': conversion from 'float' to 'int', possible loss of data
C:\Users\Lenovo\Desktop\ПОИТ\КСИС\Call Of Network\Client\Client\Level.hpp(153,57): warning C4244: 'argument': conversion from 'int' to 'float', possible loss of data
C:\Users\Lenovo\Desktop\ПОИТ\КСИС\Call Of Network\Client\Client\Level.hpp(153,42): warning C4244: 'argument': conversion from 'int' to 'float', possible loss of data
C:\Users\Lenovo\Desktop\ПОИТ\КСИС\Call Of Network\Client\Client\Level.hpp(205,43): warning C4244: 'argument': conversion from 'int' to 'float', possible loss of data
C:\Users\Lenovo\Desktop\ПОИТ\КСИС\Call Of Network\Client\Client\Level.hpp(205,40): warning C4244: 'argument': conversion from 'int' to 'float', possible loss of data
C:\Users\Lenovo\Desktop\ПОИТ\КСИС\Call Of Network\Client\Client\Level.hpp(225,38): warning C4244: '=': conversion from 'int' to 'T', possible loss of data
          with
          [
              T=float
          ]
C:\Users\Lenovo\Desktop\ПОИТ\КСИС\Call Of Network\Client\Client\Level.hpp(226,39): warning C4244: '=': conversion from 'int' to 'T', possible loss of data
          with
          [
              T=float
          ]
C:\Users\Lenovo\Desktop\ПОИТ\КСИС\Call Of Network\Client\Client\Level.hpp(227,41): warning C4244: '=': conversion from 'int' to 'T', possible loss of data
          with
          [
              T=float
          ]
C:\Users\Lenovo\Desktop\ПОИТ\КСИС\Call Of Network\Client\Client\Level.hpp(228,40): warning C4244: '=': conversion from 'int' to 'T', possible loss of data
          with
          [
              T=float
          ]
C:\Users\Lenovo\Desktop\ПОИТ\КСИС\Call Of Network\Client\Client\Animation.hpp(35,33): warning C4244: 'argument': conversion from 'float' to 'const unsigned __int64', possible loss of data
C:\Users\Lenovo\Desktop\ПОИТ\КСИС\Call Of Network\Client\Client\Animation.hpp(38,40): warning C4244: 'argument': conversion from 'float' to 'const unsigned __int64', possible loss of data
C:\Users\Lenovo\Desktop\ПОИТ\КСИС\Call Of Network\Client\Client\Animation.hpp(100,37): warning C4244: 'argument': conversion from 'T' to 'float', possible loss of data
          with
          [
              T=int
          ]
C:\Users\Lenovo\Desktop\ПОИТ\КСИС\Call Of Network\Client\Client\Animation.hpp(109,57): warning C4244: 'argument': conversion from 'int' to 'float', possible loss of data
C:\Users\Lenovo\Desktop\ПОИТ\КСИС\Call Of Network\Client\Client\Animation.hpp(109,54): warning C4244: 'argument': conversion from 'int' to 'float', possible loss of data
C:\Users\Lenovo\Desktop\ПОИТ\КСИС\Call Of Network\Client\Client\Animation.hpp(141,80): warning C4244: 'argument': conversion from 'float' to 'const unsigned __int64', possible loss of data
C:\Users\Lenovo\Desktop\ПОИТ\КСИС\Call Of Network\Client\Client\Animation.hpp(141,94): warning C4244: 'return': conversion from 'T' to 'float', possible loss of data
          with
          [
              T=int
          ]
C:\Users\Lenovo\Desktop\ПОИТ\КСИС\Call Of Network\Client\Client\Animation.hpp(146,80): warning C4244: 'argument': conversion from 'float' to 'const unsigned __int64', possible loss of data
C:\Users\Lenovo\Desktop\ПОИТ\КСИС\Call Of Network\Client\Client\Animation.hpp(146,94): warning C4244: 'return': conversion from 'T' to 'float', possible loss of data
          with
          [
              T=int
          ]
C:\Users\Lenovo\Desktop\ПОИТ\КСИС\Call Of Network\Client\Client\Entity.hpp(23,7): warning C4244: '=': conversion from 'int' to 'float', possible loss of data
C:\Users\Lenovo\Desktop\ПОИТ\КСИС\Call Of Network\Client\Client\Entity.hpp(24,7): warning C4244: '=': conversion from 'int' to 'float', possible loss of data
C:\Users\Lenovo\Desktop\ПОИТ\КСИС\Call Of Network\Client\Client\Entity.hpp(36,38): warning C4244: 'argument': conversion from 'float' to 'int', possible loss of data
C:\Users\Lenovo\Desktop\ПОИТ\КСИС\Call Of Network\Client\Client\Entity.hpp(36,33): warning C4244: 'argument': conversion from 'float' to 'int', possible loss of data
C:\Users\Lenovo\Desktop\ПОИТ\КСИС\Call Of Network\Client\Client\Player.hpp(35,1): warning C4305: '=': truncation from 'double' to 'float'
C:\Users\Lenovo\Desktop\ПОИТ\КСИС\Call Of Network\Client\Client\Player.hpp(48,1): warning C4305: '=': truncation from 'double' to 'float'
C:\Users\Lenovo\Desktop\ПОИТ\КСИС\Call Of Network\Client\Client\Player.hpp(64,1): warning C4305: '=': truncation from 'double' to 'float'
C:\Users\Lenovo\Desktop\ПОИТ\КСИС\Call Of Network\Client\Client\Player.hpp(76,1): warning C4305: '=': truncation from 'double' to 'float'
C:\Users\Lenovo\Desktop\ПОИТ\КСИС\Call Of Network\Client\Client\Player.hpp(89,1): warning C4305: '=': truncation from 'double' to 'float'
C:\Users\Lenovo\Desktop\ПОИТ\КСИС\Call Of Network\Client\Client\Player.hpp(198,17): warning C4244: '+=': conversion from 'double' to 'float', possible loss of data
C:\Users\Lenovo\Desktop\ПОИТ\КСИС\Call Of Network\Client\Client\Player.hpp(256,13): warning C4244: 'initializing': conversion from 'float' to 'int', possible loss of data
C:\Users\Lenovo\Desktop\ПОИТ\КСИС\Call Of Network\Client\Client\Player.hpp(261,12): warning C4244: '=': conversion from 'int' to 'float', possible loss of data
C:\Users\Lenovo\Desktop\ПОИТ\КСИС\Call Of Network\Client\Client\Player.hpp(270,13): warning C4244: 'initializing': conversion from 'float' to 'int', possible loss of data
C:\Users\Lenovo\Desktop\ПОИТ\КСИС\Call Of Network\Client\Client\Player.hpp(275,12): warning C4244: '=': conversion from 'int' to 'float', possible loss of data
C:\Users\Lenovo\Desktop\ПОИТ\КСИС\Call Of Network\Client\Client\main.cpp(23,19): warning C4129: 'L': unrecognized character escape sequence
C:\Users\Lenovo\Desktop\ПОИТ\КСИС\Call Of Network\Client\Client\main.cpp(50,58): warning C4244: 'argument': conversion from 'T' to 'float', possible loss of data
          with
          [
              T=unsigned int
          ]
C:\Users\Lenovo\Desktop\ПОИТ\КСИС\Call Of Network\Client\Client\main.cpp(50,38): warning C4244: 'argument': conversion from 'T' to 'float', possible loss of data
          with
          [
              T=unsigned int
          ]
C:\Users\Lenovo\Desktop\ПОИТ\КСИС\Call Of Network\Client\Client\main.cpp(64,47): warning C4244: 'argument': conversion from 'T' to 'int', possible loss of data
          with
          [
              T=float
          ]
C:\Users\Lenovo\Desktop\ПОИТ\КСИС\Call Of Network\Client\Client\main.cpp(64,33): warning C4244: 'argument': conversion from 'T' to 'int', possible loss of data
          with
          [
              T=float
          ]
C:\Users\Lenovo\Desktop\ПОИТ\КСИС\Call Of Network\Client\Client\main.cpp(73,14): warning C4244: 'initializing': conversion from 'sf::Int64' to 'float', possible loss of data
  Generating code
  2 of 969 functions ( 0.2%) were compiled, the rest were copied from previous compilation.
    0 functions were new in current compilation
    0 functions had inline decision re-evaluated but remain unchanged
  Finished generating code
  Client.vcxproj -> C:\Users\Lenovo\Desktop\ПОИТ\КСИС\Call Of Network\Client\x64\Release\Client.exe
