  main.cpp
C:\Users\Lenovo\Desktop\ПОИТ\КСИС\Call Of Network\Server\Server\Level.hpp(103,54): warning C4244: 'argument': conversion from 'int' to 'T', possible loss of data
          with
          [
              T=float
          ]
C:\Users\Lenovo\Desktop\ПОИТ\КСИС\Call Of Network\Server\Server\Level.hpp(103,39): warning C4244: 'argument': conversion from 'int' to 'T', possible loss of data
          with
          [
              T=float
          ]
C:\Users\Lenovo\Desktop\ПОИТ\КСИС\Call Of Network\Server\Server\Level.hpp(107,36): warning C4244: 'argument': conversion from 'int' to 'T', possible loss of data
          with
          [
              T=float
          ]
C:\Users\Lenovo\Desktop\ПОИТ\КСИС\Call Of Network\Server\Server\Level.hpp(107,25): warning C4244: 'argument': conversion from 'int' to 'T', possible loss of data
          with
          [
              T=float
          ]
C:\Users\Lenovo\Desktop\ПОИТ\КСИС\Call Of Network\Server\Server\Bullet.hpp(55,15): warning C4244: 'initializing': conversion from 'T' to 'int', possible loss of data
          with
          [
              T=float
          ]
C:\Users\Lenovo\Desktop\ПОИТ\КСИС\Call Of Network\Server\Server\Bullet.hpp(57,16): warning C4244: 'initializing': conversion from 'T' to 'int', possible loss of data
          with
          [
              T=float
          ]
C:\Users\Lenovo\Desktop\ПОИТ\КСИС\Call Of Network\Server\Server\Player.hpp(261,14): warning C4244: 'initializing': conversion from 'T' to 'int', possible loss of data
          with
          [
              T=float
          ]
C:\Users\Lenovo\Desktop\ПОИТ\КСИС\Call Of Network\Server\Server\Player.hpp(263,15): warning C4244: 'initializing': conversion from 'T' to 'int', possible loss of data
          with
          [
              T=float
          ]
C:\Users\Lenovo\Desktop\ПОИТ\КСИС\Call Of Network\Server\Server\Player.hpp(282,41): warning C4244: '=': conversion from 'int' to 'T', possible loss of data
          with
          [
              T=float
          ]
C:\Users\Lenovo\Desktop\ПОИТ\КСИС\Call Of Network\Server\Server\Player.hpp(295,41): warning C4244: '=': conversion from 'int' to 'T', possible loss of data
          with
          [
              T=float
          ]
  Generating code
  18 of 491 functions ( 3.7%) were compiled, the rest were copied from previous compilation.
    1 functions were new in current compilation
    2 functions had inline decision re-evaluated but remain unchanged
  Finished generating code
  Server.vcxproj -> C:\Users\Lenovo\Desktop\ПОИТ\КСИС\Call Of Network\Server\x64\Release\Server.exe
